# JRE version: Java(TM) SE Runtime Environment (8.0_66-b17) (build 1.8.0_66-b17)
# Java VM: Java HotSpot(TM) 64-Bit Server VM (25.66-b17 mixed mode linux-amd64 compressed oops)
Heap:
 PSYoungGen      total 263680K, used 47610K [0x00000000eab00000, 0x0000000100000000, 0x0000000100000000)
  eden space 216064K, 0% used [0x00000000eab00000,0x00000000eab00000,0x00000000f7e00000)
  from space 47616K, 99% used [0x00000000fd180000,0x00000000ffffe8b8,0x0000000100000000)
  to   space 66560K, 0% used [0x00000000f7e00000,0x00000000f7e00000,0x00000000fbf00000)
 ParOldGen       total 84992K, used 81020K [0x00000000c0000000, 0x00000000c5300000, 0x00000000eab00000)
  object space 84992K, 95% used [0x00000000c0000000,0x00000000c4f1f278,0x00000000c5300000)
 Metaspace       used 6519K, capacity 7320K, committed 7680K, reserved 1056768K
  class space    used 614K, capacity 656K, committed 768K, reserved 1048576K
GC Heap History (10 events):
Event: 1.460 GC heap after
Heap after GC invocations=4 (full 0):
 PSYoungGen      total 132096K, used 5114K [0x00000000eab00000, 0x00000000f3100000, 0x0000000100000000)
  eden space 126976K, 0% used [0x00000000eab00000,0x00000000eab00000,0x00000000f2700000)
  from space 5120K, 99% used [0x00000000f2c00000,0x00000000f30feb80,0x00000000f3100000)
  to   space 5120K, 0% used [0x00000000f2700000,0x00000000f2700000,0x00000000f2c00000)
 ParOldGen       total 84992K, used 19627K [0x00000000c0000000, 0x00000000c5300000, 0x00000000eab00000)
  object space 84992K, 23% used [0x00000000c0000000,0x00000000c132ad58,0x00000000c5300000)
 Metaspace       used 6087K, capacity 7024K, committed 7296K, reserved 1056768K
  class space    used 593K, capacity 616K, committed 640K, reserved 1048576K
}
Event: 1.864 GC heap before
{Heap before GC invocations=5 (full 0):
 PSYoungGen      total 132096K, used 132090K [0x00000000eab00000, 0x00000000f3100000, 0x0000000100000000)
  eden space 126976K, 100% used [0x00000000eab00000,0x00000000f2700000,0x00000000f2700000)
  from space 5120K, 99% used [0x00000000f2c00000,0x00000000f30feb80,0x00000000f3100000)
  to   space 5120K, 0% used [0x00000000f2700000,0x00000000f2700000,0x00000000f2c00000)
 ParOldGen       total 84992K, used 19627K [0x00000000c0000000, 0x00000000c5300000, 0x00000000eab00000)
  object space 84992K, 23% used [0x00000000c0000000,0x00000000c132ad58,0x00000000c5300000)
 Metaspace       used 6311K, capacity 7192K, committed 7424K, reserved 1056768K
  class space    used 613K, capacity 656K, committed 768K, reserved 1048576K
Event: 1.904 GC heap after
Heap after GC invocations=5 (full 0):
 PSYoungGen      total 132096K, used 5111K [0x00000000eab00000, 0x00000000fdb00000, 0x0000000100000000)
  eden space 126976K, 0% used [0x00000000eab00000,0x00000000eab00000,0x00000000f2700000)
  from space 5120K, 99% used [0x00000000f2700000,0x00000000f2bfde10,0x00000000f2c00000)
  to   space 28672K, 0% used [0x00000000fbf00000,0x00000000fbf00000,0x00000000fdb00000)
 ParOldGen       total 84992K, used 39847K [0x00000000c0000000, 0x00000000c5300000, 0x00000000eab00000)
  object space 84992K, 46% used [0x00000000c0000000,0x00000000c26e9fc0,0x00000000c5300000)
 Metaspace       used 6311K, capacity 7192K, committed 7424K, reserved 1056768K
  class space    used 613K, capacity 656K, committed 768K, reserved 1048576K
}
Event: 2.280 GC heap before
{Heap before GC invocations=6 (full 0):
 PSYoungGen      total 132096K, used 132087K [0x00000000eab00000, 0x00000000fdb00000, 0x0000000100000000)
  eden space 126976K, 100% used [0x00000000eab00000,0x00000000f2700000,0x00000000f2700000)
  from space 5120K, 99% used [0x00000000f2700000,0x00000000f2bfde10,0x00000000f2c00000)
  to   space 28672K, 0% used [0x00000000fbf00000,0x00000000fbf00000,0x00000000fdb00000)
 ParOldGen       total 84992K, used 39847K [0x00000000c0000000, 0x00000000c5300000, 0x00000000eab00000)
  object space 84992K, 46% used [0x00000000c0000000,0x00000000c26e9fc0,0x00000000c5300000)
 Metaspace       used 6372K, capacity 7256K, committed 7424K, reserved 1056768K
  class space    used 613K, capacity 656K, committed 768K, reserved 1048576K
Event: 2.320 GC heap after
Heap after GC invocations=6 (full 0):
 PSYoungGen      total 279552K, used 21685K [0x00000000eab00000, 0x00000000fe100000, 0x0000000100000000)
  eden space 250880K, 0% used [0x00000000eab00000,0x00000000eab00000,0x00000000fa000000)
  from space 28672K, 75% used [0x00000000fbf00000,0x00000000fd42d5b8,0x00000000fdb00000)
  to   space 31744K, 0% used [0x00000000fa000000,0x00000000fa000000,0x00000000fbf00000)
 ParOldGen       total 84992K, used 39847K [0x00000000c0000000, 0x00000000c5300000, 0x00000000eab00000)
  object space 84992K, 46% used [0x00000000c0000000,0x00000000c26e9fc0,0x00000000c5300000)
 Metaspace       used 6372K, capacity 7256K, committed 7424K, reserved 1056768K
  class space    used 613K, capacity 656K, committed 768K, reserved 1048576K
}
Event: 2.894 GC heap before
{Heap before GC invocations=7 (full 0):
 PSYoungGen      total 279552K, used 272565K [0x00000000eab00000, 0x00000000fe100000, 0x0000000100000000)
  eden space 250880K, 100% used [0x00000000eab00000,0x00000000fa000000,0x00000000fa000000)
  from space 28672K, 75% used [0x00000000fbf00000,0x00000000fd42d5b8,0x00000000fdb00000)
  to   space 31744K, 0% used [0x00000000fa000000,0x00000000fa000000,0x00000000fbf00000)
 ParOldGen       total 84992K, used 39847K [0x00000000c0000000, 0x00000000c5300000, 0x00000000eab00000)
  object space 84992K, 46% used [0x00000000c0000000,0x00000000c26e9fc0,0x00000000c5300000)
 Metaspace       used 6464K, capacity 7256K, committed 7424K, reserved 1056768K
  class space    used 614K, capacity 656K, committed 768K, reserved 1048576K
Event: 2.965 GC heap after
Heap after GC invocations=7 (full 0):
 PSYoungGen      total 282624K, used 31743K [0x00000000eab00000, 0x0000000100000000, 0x0000000100000000)
  eden space 250880K, 0% used [0x00000000eab00000,0x00000000eab00000,0x00000000fa000000)
  from space 31744K, 99% used [0x00000000fa000000,0x00000000fbeffdd8,0x00000000fbf00000)
  to   space 47616K, 0% used [0x00000000fd180000,0x00000000fd180000,0x0000000100000000)
 ParOldGen       total 84992K, used 58694K [0x00000000c0000000, 0x00000000c5300000, 0x00000000eab00000)
  object space 84992K, 69% used [0x00000000c0000000,0x00000000c3951820,0x00000000c5300000)
 Metaspace       used 6464K, capacity 7256K, committed 7424K, reserved 1056768K
  class space    used 614K, capacity 656K, committed 768K, reserved 1048576K
}
Event: 3.622 GC heap before
{Heap before GC invocations=8 (full 0):
 PSYoungGen      total 282624K, used 282623K [0x00000000eab00000, 0x0000000100000000, 0x0000000100000000)
  eden space 250880K, 100% used [0x00000000eab00000,0x00000000fa000000,0x00000000fa000000)
  from space 31744K, 99% used [0x00000000fa000000,0x00000000fbeffdd8,0x00000000fbf00000)
  to   space 47616K, 0% used [0x00000000fd180000,0x00000000fd180000,0x0000000100000000)
 ParOldGen       total 84992K, used 58694K [0x00000000c0000000, 0x00000000c5300000, 0x00000000eab00000)
  object space 84992K, 69% used [0x00000000c0000000,0x00000000c3951820,0x00000000c5300000)
 Metaspace       used 6519K, capacity 7320K, committed 7680K, reserved 1056768K
  class space    used 614K, capacity 656K, committed 768K, reserved 1048576K
Event: 3.754 GC heap after
Heap after GC invocations=8 (full 0):
 PSYoungGen      total 263680K, used 47610K [0x00000000eab00000, 0x0000000100000000, 0x0000000100000000)
  eden space 216064K, 0% used [0x00000000eab00000,0x00000000eab00000,0x00000000f7e00000)
  from space 47616K, 99% used [0x00000000fd180000,0x00000000ffffe8b8,0x0000000100000000)
  to   space 66560K, 0% used [0x00000000f7e00000,0x00000000f7e00000,0x00000000fbf00000)
 ParOldGen       total 84992K, used 81020K [0x00000000c0000000, 0x00000000c5300000, 0x00000000eab00000)
  object space 84992K, 95% used [0x00000000c0000000,0x00000000c4f1f278,0x00000000c5300000)
 Metaspace       used 6519K, capacity 7320K, committed 7680K, reserved 1056768K
  class space    used 614K, capacity 656K, committed 768K, reserved 1048576K
}
Event: 3.755 GC heap before
{Heap before GC invocations=9 (full 1):
 PSYoungGen      total 263680K, used 47610K [0x00000000eab00000, 0x0000000100000000, 0x0000000100000000)
  eden space 216064K, 0% used [0x00000000eab00000,0x00000000eab00000,0x00000000f7e00000)
  from space 47616K, 99% used [0x00000000fd180000,0x00000000ffffe8b8,0x0000000100000000)
  to   space 66560K, 0% used [0x00000000f7e00000,0x00000000f7e00000,0x00000000fbf00000)
 ParOldGen       total 84992K, used 81020K [0x00000000c0000000, 0x00000000c5300000, 0x00000000eab00000)
  object space 84992K, 95% used [0x00000000c0000000,0x00000000c4f1f278,0x00000000c5300000)
 Metaspace       used 6519K, capacity 7320K, committed 7680K, reserved 1056768K
  class space    used 614K, capacity 656K, committed 768K, reserved 1048576K

